<?xml version="1.0" encoding="UTF-8"?>
<!-- Generated by org.testng.reporters.JUnitReportReporter -->
<testsuite name="com.qa.google.test.GoogleTest" tests="1" time="115.311" ignored="0" failures="0" timestamp="09 May 2019 02:05:34 GMT" skipped="0" hostname="LAPTOP-3LM0TE9V" errors="0">
  <testcase name="getTitle" time="115.311" classname="com.qa.google.test.GoogleTest"/>
</testsuite> <!-- com.qa.google.test.GoogleTest -->
